# JRE version: OpenJDK Runtime Environment Temurin-21.0.10+7 (21.0.10+7) (build 21.0.10+7-LTS)
# Java VM: OpenJDK 64-Bit Server VM Temurin-21.0.10+7 (21.0.10+7-LTS, mixed mode, sharing, tiered, compressed oops, compressed class ptrs, parallel gc, windows-amd64)
GC Precious Log:
 CardTable entry size: 512
 CPUs: 4 total, 4 available
 Memory: 3985M
 Large Page Support: Disabled
 NUMA Support: Disabled
 Compressed Oops: Enabled (32-bit)
 Alignments: Space 512K, Generation 512K, Heap 2M
 Heap Min Capacity: 100M
 Heap Initial Capacity: 100M
 Heap Max Capacity: 2G
 Pre-touch: Disabled
 Parallel Workers: 4
Heap:
 PSYoungGen      total 11264K, used 9443K [0x00000000d5580000, 0x00000000d6200000, 0x0000000100000000)
  eden space 10752K, 86% used [0x00000000d5580000,0x00000000d5e98e10,0x00000000d6000000)
  from space 512K, 25% used [0x00000000d6180000,0x00000000d61a0000,0x00000000d6200000)
  to   space 512K, 0% used [0x00000000d6100000,0x00000000d6100000,0x00000000d6180000)
 ParOldGen       total 856064K, used 483106K [0x0000000080000000, 0x00000000b4400000, 0x00000000d5580000)
  object space 856064K, 56% used [0x0000000080000000,0x000000009d7c8950,0x00000000b4400000)
 Metaspace       used 82600K, committed 84288K, reserved 1179648K
  class space    used 8345K, committed 9088K, reserved 1048576K
GC Heap History (20 events):
Event: 1495.235 GC heap before
{Heap before GC invocations=1229 (full 4):
 PSYoungGen      total 11264K, used 11238K [0x00000000d5580000, 0x00000000d6500000, 0x0000000100000000)
  eden space 10752K, 100% used [0x00000000d5580000,0x00000000d6000000,0x00000000d6000000)
  from space 512K, 95% used [0x00000000d6200000,0x00000000d62799c0,0x00000000d6280000)
  to   space 2048K, 0% used [0x00000000d6000000,0x00000000d6000000,0x00000000d6200000)
 ParOldGen       total 856064K, used 476290K [0x0000000080000000, 0x00000000b4400000, 0x00000000d5580000)
  object space 856064K, 55% used [0x0000000080000000,0x000000009d120990,0x00000000b4400000)
 Metaspace       used 81558K, committed 83264K, reserved 1179648K
  class space    used 8242K, committed 8960K, reserved 1048576K
}
Event: 1495.242 GC heap after
{Heap after GC invocations=1229 (full 4):
 PSYoungGen      total 11264K, used 362K [0x00000000d5580000, 0x00000000d6280000, 0x0000000100000000)
  eden space 10752K, 0% used [0x00000000d5580000,0x00000000d5580000,0x00000000d6000000)
  from space 512K, 70% used [0x00000000d6000000,0x00000000d605a9c8,0x00000000d6080000)
  to   space 1024K, 0% used [0x00000000d6180000,0x00000000d6180000,0x00000000d6280000)
 ParOldGen       total 856064K, used 476723K [0x0000000080000000, 0x00000000b4400000, 0x00000000d5580000)
  object space 856064K, 55% used [0x0000000080000000,0x000000009d18cf70,0x00000000b4400000)
 Metaspace       used 81558K, committed 83264K, reserved 1179648K
  class space    used 8242K, committed 8960K, reserved 1048576K
}
Event: 1495.259 GC heap before
{Heap before GC invocations=1230 (full 4):
 PSYoungGen      total 11264K, used 11114K [0x00000000d5580000, 0x00000000d6280000, 0x0000000100000000)
  eden space 10752K, 100% used [0x00000000d5580000,0x00000000d6000000,0x00000000d6000000)
  from space 512K, 70% used [0x00000000d6000000,0x00000000d605a9c8,0x00000000d6080000)
  to   space 1024K, 0% used [0x00000000d6180000,0x00000000d6180000,0x00000000d6280000)
 ParOldGen       total 856064K, used 476723K [0x0000000080000000, 0x00000000b4400000, 0x00000000d5580000)
  object space 856064K, 55% used [0x0000000080000000,0x000000009d18cf70,0x00000000b4400000)
 Metaspace       used 81558K, committed 83264K, reserved 1179648K
  class space    used 8242K, committed 8960K, reserved 1048576K
}
Event: 1495.264 GC heap after
{Heap after GC invocations=1230 (full 4):
 PSYoungGen      total 11264K, used 337K [0x00000000d5580000, 0x00000000d6200000, 0x0000000100000000)
  eden space 10752K, 0% used [0x00000000d5580000,0x00000000d5580000,0x00000000d6000000)
  from space 512K, 66% used [0x00000000d6180000,0x00000000d61d47e0,0x00000000d6200000)
  to   space 512K, 0% used [0x00000000d6000000,0x00000000d6000000,0x00000000d6080000)
 ParOldGen       total 856064K, used 476970K [0x0000000080000000, 0x00000000b4400000, 0x00000000d5580000)
  object space 856064K, 55% used [0x0000000080000000,0x000000009d1caa68,0x00000000b4400000)
 Metaspace       used 81558K, committed 83264K, reserved 1179648K
  class space    used 8242K, committed 8960K, reserved 1048576K
}
Event: 1495.433 GC heap before
{Heap before GC invocations=1231 (full 4):
 PSYoungGen      total 11264K, used 11089K [0x00000000d5580000, 0x00000000d6200000, 0x0000000100000000)
  eden space 10752K, 100% used [0x00000000d5580000,0x00000000d6000000,0x00000000d6000000)
  from space 512K, 66% used [0x00000000d6180000,0x00000000d61d47e0,0x00000000d6200000)
  to   space 512K, 0% used [0x00000000d6000000,0x00000000d6000000,0x00000000d6080000)
 ParOldGen       total 856064K, used 476970K [0x0000000080000000, 0x00000000b4400000, 0x00000000d5580000)
  object space 856064K, 55% used [0x0000000080000000,0x000000009d1caa68,0x00000000b4400000)
 Metaspace       used 81559K, committed 83264K, reserved 1179648K
  class space    used 8242K, committed 8960K, reserved 1048576K
}
Event: 1495.472 GC heap after
{Heap after GC invocations=1231 (full 4):
 PSYoungGen      total 11264K, used 512K [0x00000000d5580000, 0x00000000d6500000, 0x0000000100000000)
  eden space 10752K, 0% used [0x00000000d5580000,0x00000000d5580000,0x00000000d6000000)
  from space 512K, 100% used [0x00000000d6000000,0x00000000d6080000,0x00000000d6080000)
  to   space 2560K, 0% used [0x00000000d6280000,0x00000000d6280000,0x00000000d6500000)
 ParOldGen       total 856064K, used 478397K [0x0000000080000000, 0x00000000b4400000, 0x00000000d5580000)
  object space 856064K, 55% used [0x0000000080000000,0x000000009d32f588,0x00000000b4400000)
 Metaspace       used 81559K, committed 83264K, reserved 1179648K
  class space    used 8242K, committed 8960K, reserved 1048576K
}
Event: 1495.558 GC heap before
{Heap before GC invocations=1232 (full 4):
 PSYoungGen      total 11264K, used 11264K [0x00000000d5580000, 0x00000000d6500000, 0x0000000100000000)
  eden space 10752K, 100% used [0x00000000d5580000,0x00000000d6000000,0x00000000d6000000)
  from space 512K, 100% used [0x00000000d6000000,0x00000000d6080000,0x00000000d6080000)
  to   space 2560K, 0% used [0x00000000d6280000,0x00000000d6280000,0x00000000d6500000)
 ParOldGen       total 856064K, used 478397K [0x0000000080000000, 0x00000000b4400000, 0x00000000d5580000)
  object space 856064K, 55% used [0x0000000080000000,0x000000009d32f588,0x00000000b4400000)
 Metaspace       used 81563K, committed 83264K, reserved 1179648K
  class space    used 8243K, committed 8960K, reserved 1048576K
}
Event: 1495.567 GC heap after
{Heap after GC invocations=1232 (full 4):
 PSYoungGen      total 12288K, used 1120K [0x00000000d5580000, 0x00000000d6400000, 0x0000000100000000)
  eden space 10752K, 0% used [0x00000000d5580000,0x00000000d5580000,0x00000000d6000000)
  from space 1536K, 72% used [0x00000000d6280000,0x00000000d6398000,0x00000000d6400000)
  to   space 1536K, 0% used [0x00000000d6100000,0x00000000d6100000,0x00000000d6280000)
 ParOldGen       total 856064K, used 478917K [0x0000000080000000, 0x00000000b4400000, 0x00000000d5580000)
  object space 856064K, 55% used [0x0000000080000000,0x000000009d3b16b8,0x00000000b4400000)
 Metaspace       used 81563K, committed 83264K, reserved 1179648K
  class space    used 8243K, committed 8960K, reserved 1048576K
}
Event: 1496.723 GC heap before
{Heap before GC invocations=1233 (full 4):
 PSYoungGen      total 12288K, used 11870K [0x00000000d5580000, 0x00000000d6400000, 0x0000000100000000)
  eden space 10752K, 99% used [0x00000000d5580000,0x00000000d5fff8d8,0x00000000d6000000)
  from space 1536K, 72% used [0x00000000d6280000,0x00000000d6398000,0x00000000d6400000)
  to   space 1536K, 0% used [0x00000000d6100000,0x00000000d6100000,0x00000000d6280000)
 ParOldGen       total 856064K, used 478917K [0x0000000080000000, 0x00000000b4400000, 0x00000000d5580000)
  object space 856064K, 55% used [0x0000000080000000,0x000000009d3b16b8,0x00000000b4400000)
 Metaspace       used 81751K, committed 83456K, reserved 1179648K
  class space    used 8262K, committed 9024K, reserved 1048576K
}
Event: 1496.734 GC heap after
{Heap after GC invocations=1233 (full 4):
 PSYoungGen      total 12288K, used 1516K [0x00000000d5580000, 0x00000000d6600000, 0x0000000100000000)
  eden space 10752K, 0% used [0x00000000d5580000,0x00000000d5580000,0x00000000d6000000)
  from space 1536K, 98% used [0x00000000d6100000,0x00000000d627b0f0,0x00000000d6280000)
  to   space 3072K, 0% used [0x00000000d6300000,0x00000000d6300000,0x00000000d6600000)
 ParOldGen       total 856064K, used 479997K [0x0000000080000000, 0x00000000b4400000, 0x00000000d5580000)
  object space 856064K, 56% used [0x0000000080000000,0x000000009d4bf718,0x00000000b4400000)
 Metaspace       used 81751K, committed 83456K, reserved 1179648K
  class space    used 8262K, committed 9024K, reserved 1048576K
}
Event: 1497.889 GC heap before
{Heap before GC invocations=1234 (full 4):
 PSYoungGen      total 12288K, used 12268K [0x00000000d5580000, 0x00000000d6600000, 0x0000000100000000)
  eden space 10752K, 99% used [0x00000000d5580000,0x00000000d5fffff0,0x00000000d6000000)
  from space 1536K, 98% used [0x00000000d6100000,0x00000000d627b0f0,0x00000000d6280000)
  to   space 3072K, 0% used [0x00000000d6300000,0x00000000d6300000,0x00000000d6600000)
 ParOldGen       total 856064K, used 479997K [0x0000000080000000, 0x00000000b4400000, 0x00000000d5580000)
  object space 856064K, 56% used [0x0000000080000000,0x000000009d4bf718,0x00000000b4400000)
 Metaspace       used 81774K, committed 83520K, reserved 1179648K
  class space    used 8262K, committed 9024K, reserved 1048576K
}
Event: 1497.895 GC heap after
{Heap after GC invocations=1234 (full 4):
 PSYoungGen      total 11264K, used 484K [0x00000000d5580000, 0x00000000d6380000, 0x0000000100000000)
  eden space 10752K, 0% used [0x00000000d5580000,0x00000000d5580000,0x00000000d6000000)
  from space 512K, 94% used [0x00000000d6300000,0x00000000d6379210,0x00000000d6380000)
  to   space 1536K, 0% used [0x00000000d6080000,0x00000000d6080000,0x00000000d6200000)
 ParOldGen       total 856064K, used 480237K [0x0000000080000000, 0x00000000b4400000, 0x00000000d5580000)
  object space 856064K, 56% used [0x0000000080000000,0x000000009d4fb738,0x00000000b4400000)
 Metaspace       used 81774K, committed 83520K, reserved 1179648K
  class space    used 8262K, committed 9024K, reserved 1048576K
}
Event: 1498.048 GC heap before
{Heap before GC invocations=1235 (full 4):
 PSYoungGen      total 11264K, used 11236K [0x00000000d5580000, 0x00000000d6380000, 0x0000000100000000)
  eden space 10752K, 100% used [0x00000000d5580000,0x00000000d6000000,0x00000000d6000000)
  from space 512K, 94% used [0x00000000d6300000,0x00000000d6379210,0x00000000d6380000)
  to   space 1536K, 0% used [0x00000000d6080000,0x00000000d6080000,0x00000000d6200000)
 ParOldGen       total 856064K, used 480237K [0x0000000080000000, 0x00000000b4400000, 0x00000000d5580000)
  object space 856064K, 56% used [0x0000000080000000,0x000000009d4fb738,0x00000000b4400000)
 Metaspace       used 81774K, committed 83520K, reserved 1179648K
  class space    used 8262K, committed 9024K, reserved 1048576K
}
Event: 1498.053 GC heap after
{Heap after GC invocations=1235 (full 4):
 PSYoungGen      total 12288K, used 1056K [0x00000000d5580000, 0x00000000d6380000, 0x0000000100000000)
  eden space 10752K, 0% used [0x00000000d5580000,0x00000000d5580000,0x00000000d6000000)
  from space 1536K, 68% used [0x00000000d6080000,0x00000000d6188020,0x00000000d6200000)
  to   space 1536K, 0% used [0x00000000d6200000,0x00000000d6200000,0x00000000d6380000)
 ParOldGen       total 856064K, used 480650K [0x0000000080000000, 0x00000000b4400000, 0x00000000d5580000)
  object space 856064K, 56% used [0x0000000080000000,0x000000009d562a38,0x00000000b4400000)
 Metaspace       used 81774K, committed 83520K, reserved 1179648K
  class space    used 8262K, committed 9024K, reserved 1048576K
}
Event: 1498.119 GC heap before
{Heap before GC invocations=1236 (full 4):
 PSYoungGen      total 12288K, used 11808K [0x00000000d5580000, 0x00000000d6380000, 0x0000000100000000)
  eden space 10752K, 100% used [0x00000000d5580000,0x00000000d6000000,0x00000000d6000000)
  from space 1536K, 68% used [0x00000000d6080000,0x00000000d6188020,0x00000000d6200000)
  to   space 1536K, 0% used [0x00000000d6200000,0x00000000d6200000,0x00000000d6380000)
 ParOldGen       total 856064K, used 480650K [0x0000000080000000, 0x00000000b4400000, 0x00000000d5580000)
  object space 856064K, 56% used [0x0000000080000000,0x000000009d562a38,0x00000000b4400000)
 Metaspace       used 81774K, committed 83520K, reserved 1179648K
  class space    used 8262K, committed 9024K, reserved 1048576K
}
Event: 1498.133 GC heap after
{Heap after GC invocations=1236 (full 4):
 PSYoungGen      total 12288K, used 1252K [0x00000000d5580000, 0x00000000d6380000, 0x0000000100000000)
  eden space 10752K, 0% used [0x00000000d5580000,0x00000000d5580000,0x00000000d6000000)
  from space 1536K, 81% used [0x00000000d6200000,0x00000000d6339210,0x00000000d6380000)
  to   space 1536K, 0% used [0x00000000d6080000,0x00000000d6080000,0x00000000d6200000)
 ParOldGen       total 856064K, used 481649K [0x0000000080000000, 0x00000000b4400000, 0x00000000d5580000)
  object space 856064K, 56% used [0x0000000080000000,0x000000009d65c450,0x00000000b4400000)
 Metaspace       used 81774K, committed 83520K, reserved 1179648K
  class space    used 8262K, committed 9024K, reserved 1048576K
}
Event: 1499.646 GC heap before
{Heap before GC invocations=1237 (full 4):
 PSYoungGen      total 12288K, used 12004K [0x00000000d5580000, 0x00000000d6380000, 0x0000000100000000)
  eden space 10752K, 100% used [0x00000000d5580000,0x00000000d6000000,0x00000000d6000000)
  from space 1536K, 81% used [0x00000000d6200000,0x00000000d6339210,0x00000000d6380000)
  to   space 1536K, 0% used [0x00000000d6080000,0x00000000d6080000,0x00000000d6200000)
 ParOldGen       total 856064K, used 481649K [0x0000000080000000, 0x00000000b4400000, 0x00000000d5580000)
  object space 856064K, 56% used [0x0000000080000000,0x000000009d65c450,0x00000000b4400000)
 Metaspace       used 81786K, committed 83520K, reserved 1179648K
  class space    used 8263K, committed 9024K, reserved 1048576K
}
Event: 1499.714 GC heap after
{Heap after GC invocations=1237 (full 4):
 PSYoungGen      total 11776K, used 952K [0x00000000d5580000, 0x00000000d6300000, 0x0000000100000000)
  eden space 10752K, 0% used [0x00000000d5580000,0x00000000d5580000,0x00000000d6000000)
  from space 1024K, 93% used [0x00000000d6080000,0x00000000d616e190,0x00000000d6180000)
  to   space 1536K, 0% used [0x00000000d6180000,0x00000000d6180000,0x00000000d6300000)
 ParOldGen       total 856064K, used 482823K [0x0000000080000000, 0x00000000b4400000, 0x00000000d5580000)
  object space 856064K, 56% used [0x0000000080000000,0x000000009d781f40,0x00000000b4400000)
 Metaspace       used 81786K, committed 83520K, reserved 1179648K
  class space    used 8263K, committed 9024K, reserved 1048576K
}
Event: 1667.649 GC heap before
{Heap before GC invocations=1238 (full 4):
 PSYoungGen      total 11776K, used 11704K [0x00000000d5580000, 0x00000000d6300000, 0x0000000100000000)
  eden space 10752K, 99% used [0x00000000d5580000,0x00000000d5ffffe8,0x00000000d6000000)
  from space 1024K, 93% used [0x00000000d6080000,0x00000000d616e190,0x00000000d6180000)
  to   space 1536K, 0% used [0x00000000d6180000,0x00000000d6180000,0x00000000d6300000)
 ParOldGen       total 856064K, used 482823K [0x0000000080000000, 0x00000000b4400000, 0x00000000d5580000)
  object space 856064K, 56% used [0x0000000080000000,0x000000009d781f40,0x00000000b4400000)
 Metaspace       used 81798K, committed 83520K, reserved 1179648K
  class space    used 8263K, committed 9024K, reserved 1048576K
}
Event: 1668.077 GC heap after
{Heap after GC invocations=1238 (full 4):
 PSYoungGen      total 11264K, used 128K [0x00000000d5580000, 0x00000000d6200000, 0x0000000100000000)
  eden space 10752K, 0% used [0x00000000d5580000,0x00000000d5580000,0x00000000d6000000)
  from space 512K, 25% used [0x00000000d6180000,0x00000000d61a0000,0x00000000d6200000)
  to   space 512K, 0% used [0x00000000d6100000,0x00000000d6100000,0x00000000d6180000)
 ParOldGen       total 856064K, used 483106K [0x0000000080000000, 0x00000000b4400000, 0x00000000d5580000)
  object space 856064K, 56% used [0x0000000080000000,0x000000009d7c8950,0x00000000b4400000)
 Metaspace       used 81798K, committed 83520K, reserved 1179648K
  class space    used 8263K, committed 9024K, reserved 1048576K
}

